<?xml version="1.0" encoding="UTF-8"?>
<testsuites name="jest tests" tests="29" failures="0" errors="0" time="5.249">
  <testsuite name="tests/integration/tasks.update.int.test.js" errors="0" failures="0" skipped="0" timestamp="2025-11-08T18:17:45" time="1.897" tests="4">
    <testcase classname="Tasks UPDATE (PUT /api/tasks/:id)" name="✅ El propietario puede actualizar su propia task" time="0.207">
    </testcase>
    <testcase classname="Tasks UPDATE (PUT /api/tasks/:id)" name="❌ Un usuario NO puede actualizar la task de otro usuario (403)" time="0.331">
    </testcase>
    <testcase classname="Tasks UPDATE (PUT /api/tasks/:id)" name="🛂 Un admin SÍ puede actualizar la task de otro usuario" time="0.242">
    </testcase>
    <testcase classname="Tasks UPDATE (PUT /api/tasks/:id)" name="🧹 Validación: update con payload inválido devuelve 400" time="0.164">
    </testcase>
  </testsuite>
  <testsuite name="tests/frontend/app.tasks.edge.test.js" errors="0" failures="0" skipped="0" timestamp="2025-11-08T18:17:47" time="0.685" tests="3">
    <testcase classname="Tasks – casos edge" name="si /api/tasks devuelve arreglo vacío, se muestra estado &quot;sin tareas&quot;" time="0.294">
    </testcase>
    <testcase classname="Tasks – casos edge" name="renderiza una lista grande sin romper (100 ítems)" time="0.128">
    </testcase>
    <testcase classname="Tasks – casos edge" name="si /api/tasks devuelve 500, muestra estado de error y no rompe" time="0.084">
    </testcase>
  </testsuite>
  <testsuite name="tests/frontend/app.login.errors.test.js" errors="0" failures="0" skipped="0" timestamp="2025-11-08T18:17:48" time="0.258" tests="3">
    <testcase classname="Login – manejo de errores" name="si la API devuelve 401, muestra error y permanece en login" time="0.025">
    </testcase>
    <testcase classname="Login – manejo de errores" name="no envía si usuario o password están vacíos" time="0.031">
    </testcase>
    <testcase classname="Login – manejo de errores" name="si el servidor devuelve 500, muestra mensaje de error y permanece en login" time="0.04">
    </testcase>
  </testsuite>
  <testsuite name="tests/unit/tasks.controller.errors.test.js" errors="0" failures="0" skipped="0" timestamp="2025-11-08T18:17:48" time="0.652" tests="6">
    <testcase classname="Tasks controller – manejo de errores" name="PUT /api/tasks/:id responde 500 si update lanza error" time="0.104">
    </testcase>
    <testcase classname="Tasks controller – manejo de errores" name="POST /api/tasks devuelve 400 si falta title" time="0.083">
    </testcase>
    <testcase classname="Tasks controller – manejo de errores" name="PUT /api/tasks/:id devuelve 404 si no existe" time="0.087">
    </testcase>
    <testcase classname="Tasks controller – manejo de errores" name="GET /api/tasks sin token → 401" time="0.004">
    </testcase>
    <testcase classname="Tasks controller – manejo de errores" name="GET /api/tasks/:id con id inválido devuelve 400/404" time="0.082">
    </testcase>
    <testcase classname="Tasks controller – manejo de errores" name="PUT /api/tasks/:id sin token devuelve 401" time="0.004">
    </testcase>
  </testsuite>
  <testsuite name="tests/integration/tasks.controller.test.js" errors="0" failures="0" skipped="0" timestamp="2025-11-08T18:17:49" time="0.496" tests="5">
    <testcase classname="Tasks Controller CRUD (Integration, AAA)" name="CREATE task" time="0.011">
    </testcase>
    <testcase classname="Tasks Controller CRUD (Integration, AAA)" name="GET all tasks" time="0.005">
    </testcase>
    <testcase classname="Tasks Controller CRUD (Integration, AAA)" name="GET task by ID" time="0.008">
    </testcase>
    <testcase classname="Tasks Controller CRUD (Integration, AAA)" name="UPDATE task" time="0.013">
    </testcase>
    <testcase classname="Tasks Controller CRUD (Integration, AAA)" name="DELETE task" time="0.017">
    </testcase>
  </testsuite>
  <testsuite name="tests/unit/auth.middleware.test.js" errors="0" failures="0" skipped="0" timestamp="2025-11-08T18:17:49" time="0.177" tests="3">
    <testcase classname="Auth Middleware (AAA)" name="✅ Token válido → next()" time="0.003">
    </testcase>
    <testcase classname="Auth Middleware (AAA)" name="❌ Sin token → 401" time="0.001">
    </testcase>
    <testcase classname="Auth Middleware (AAA)" name="❌ Token inválido → 401" time="0.001">
    </testcase>
  </testsuite>
  <testsuite name="tests/frontend/app.flow.test.js" errors="0" failures="0" skipped="0" timestamp="2025-11-08T18:17:49" time="0.236" tests="1">
    <testcase classname="Flujo simple: login → muestra Tasks" name="al loguear OK, oculta login y muestra tasks" time="0.029">
    </testcase>
  </testsuite>
  <testsuite name="tests/frontend/app.render.test.js" errors="0" failures="0" skipped="0" timestamp="2025-11-08T18:17:50" time="0.203" tests="2">
    <testcase classname="UI render básico (index.html)" name="muestra el título TikTask y el form de login" time="0.023">
    </testcase>
    <testcase classname="UI render básico (index.html)" name="tiene los elementos clave de la vista de tareas" time="0.022">
    </testcase>
  </testsuite>
  <testsuite name="tests/unit/admin.middleware.test.js" errors="0" failures="0" skipped="0" timestamp="2025-11-08T18:17:50" time="0.173" tests="2">
    <testcase classname="adminMiddleware" name="pasa si role=admin" time="0.002">
    </testcase>
    <testcase classname="adminMiddleware" name="bloquea si no es admin" time="0.002">
    </testcase>
  </testsuite>
</testsuites>