<?xml version="1.0" ?>
<!DOCTYPE coverage SYSTEM "http://cobertura.sourceforge.net/xml/coverage-04.dtd">
<coverage lines-valid="625" lines-covered="523" line-rate="0.8368000000000001" branches-valid="302" branches-covered="220" branch-rate="0.7284" timestamp="1762626557496" complexity="0" version="0.1">
  <sources>
    <source>/home/runner/work/TP07_CodeCoverage_IS3/TP07_CodeCoverage_IS3</source>
  </sources>
  <packages>
    <package name="TP07_CodeCoverage_IS3" line-rate="0.5849" branch-rate="0.3">
      <classes>
        <class name="server.js" filename="server.js" line-rate="0.5849" branch-rate="0.3">
          <methods>
            <method name="(anonymous_0)" hits="0" signature="()V">
              <lines>
                <line number="49" hits="0"/>
              </lines>
            </method>
            <method name="(anonymous_1)" hits="0" signature="()V">
              <lines>
                <line number="54" hits="0"/>
              </lines>
            </method>
            <method name="startServer" hits="0" signature="()V">
              <lines>
                <line number="61" hits="0"/>
              </lines>
            </method>
            <method name="(anonymous_3)" hits="0" signature="()V">
              <lines>
                <line number="78" hits="0"/>
              </lines>
            </method>
          </methods>
          <lines>
            <line number="1" hits="8" branch="false"/>
            <line number="2" hits="8" branch="false"/>
            <line number="3" hits="8" branch="false"/>
            <line number="4" hits="8" branch="false"/>
            <line number="5" hits="8" branch="false"/>
            <line number="6" hits="8" branch="false"/>
            <line number="7" hits="8" branch="false"/>
            <line number="8" hits="8" branch="false"/>
            <line number="9" hits="8" branch="false"/>
            <line number="10" hits="8" branch="false"/>
            <line number="11" hits="8" branch="false"/>
            <line number="12" hits="8" branch="false"/>
            <line number="14" hits="8" branch="false"/>
            <line number="15" hits="8" branch="true" condition-coverage="50% (1/2)"/>
            <line number="18" hits="8" branch="false"/>
            <line number="21" hits="8" branch="false"/>
            <line number="24" hits="8" branch="false"/>
            <line number="28" hits="8" branch="false"/>
            <line number="31" hits="8" branch="false"/>
            <line number="32" hits="8" branch="false"/>
            <line number="35" hits="8" branch="false"/>
            <line number="37" hits="8" branch="false"/>
            <line number="38" hits="8" branch="true" condition-coverage="50% (1/2)"/>
            <line number="39" hits="0" branch="false"/>
            <line number="41" hits="8" branch="false"/>
            <line number="44" hits="8" branch="false"/>
            <line number="45" hits="8" branch="false"/>
            <line number="46" hits="8" branch="false"/>
            <line number="49" hits="8" branch="false"/>
            <line number="50" hits="0" branch="false"/>
            <line number="54" hits="8" branch="false"/>
            <line number="55" hits="0" branch="false"/>
            <line number="62" hits="0" branch="false"/>
            <line number="64" hits="0" branch="true" condition-coverage="0% (0/2)"/>
            <line number="65" hits="0" branch="false"/>
            <line number="66" hits="0" branch="false"/>
            <line number="67" hits="0" branch="true" condition-coverage="0% (0/2)"/>
            <line number="68" hits="0" branch="false"/>
            <line number="69" hits="0" branch="false"/>
            <line number="71" hits="0" branch="false"/>
            <line number="75" hits="0" branch="false"/>
            <line number="76" hits="0" branch="false"/>
            <line number="78" hits="0" branch="false"/>
            <line number="79" hits="0" branch="false"/>
            <line number="80" hits="0" branch="false"/>
            <line number="81" hits="0" branch="false"/>
            <line number="82" hits="0" branch="false"/>
            <line number="83" hits="0" branch="false"/>
            <line number="86" hits="0" branch="false"/>
            <line number="87" hits="0" branch="false"/>
            <line number="91" hits="8" branch="false"/>
            <line number="94" hits="8" branch="true" condition-coverage="50% (1/2)"/>
            <line number="95" hits="0" branch="false"/>
          </lines>
        </class>
      </classes>
    </package>
    <package name="TP07_CodeCoverage_IS3.src" line-rate="0.6842" branch-rate="0.5">
      <classes>
        <class name="seed.js" filename="src/seed.js" line-rate="0.6842" branch-rate="0.5">
          <methods>
            <method name="seedAdmin" hits="16" signature="()V">
              <lines>
                <line number="4" hits="16"/>
              </lines>
            </method>
            <method name="(anonymous_1)" hits="16" signature="()V">
              <lines>
                <line number="5" hits="16"/>
              </lines>
            </method>
            <method name="(anonymous_2)" hits="16" signature="()V">
              <lines>
                <line number="7" hits="16"/>
              </lines>
            </method>
            <method name="(anonymous_3)" hits="16" signature="()V">
              <lines>
                <line number="23" hits="16"/>
              </lines>
            </method>
          </methods>
          <lines>
            <line number="1" hits="16" branch="false"/>
            <line number="2" hits="16" branch="false"/>
            <line number="5" hits="16" branch="false"/>
            <line number="7" hits="16" branch="false"/>
            <line number="8" hits="16" branch="true" condition-coverage="50% (1/2)"/>
            <line number="9" hits="0" branch="false"/>
            <line number="10" hits="0" branch="false"/>
            <line number="13" hits="16" branch="true" condition-coverage="50% (1/2)"/>
            <line number="14" hits="0" branch="false"/>
            <line number="15" hits="0" branch="false"/>
            <line number="16" hits="0" branch="false"/>
            <line number="20" hits="16" branch="false"/>
            <line number="21" hits="16" branch="false"/>
            <line number="23" hits="16" branch="false"/>
            <line number="24" hits="16" branch="true" condition-coverage="50% (1/2)"/>
            <line number="25" hits="0" branch="false"/>
            <line number="27" hits="16" branch="false"/>
            <line number="28" hits="16" branch="false"/>
            <line number="35" hits="16" branch="false"/>
          </lines>
        </class>
      </classes>
    </package>
    <package name="TP07_CodeCoverage_IS3.src.config" line-rate="0.75" branch-rate="0.5">
      <classes>
        <class name="database.js" filename="src/config/database.js" line-rate="0.75" branch-rate="0.5">
          <methods>
            <method name="(anonymous_0)" hits="17" signature="()V">
              <lines>
                <line number="7" hits="17"/>
              </lines>
            </method>
            <method name="(anonymous_1)" hits="17" signature="()V">
              <lines>
                <line number="19" hits="17"/>
              </lines>
            </method>
            <method name="(anonymous_2)" hits="17" signature="()V">
              <lines>
                <line number="20" hits="17"/>
              </lines>
            </method>
            <method name="(anonymous_3)" hits="17" signature="()V">
              <lines>
                <line number="21" hits="17"/>
              </lines>
            </method>
            <method name="(anonymous_4)" hits="17" signature="()V">
              <lines>
                <line number="32" hits="17"/>
              </lines>
            </method>
            <method name="(anonymous_5)" hits="17" signature="()V">
              <lines>
                <line number="53" hits="17"/>
              </lines>
            </method>
            <method name="(anonymous_6)" hits="17" signature="()V">
              <lines>
                <line number="74" hits="17"/>
              </lines>
            </method>
          </methods>
          <lines>
            <line number="1" hits="17" branch="false"/>
            <line number="2" hits="17" branch="false"/>
            <line number="4" hits="17" branch="true" condition-coverage="50% (1/2)"/>
            <line number="7" hits="17" branch="false"/>
            <line number="8" hits="17" branch="true" condition-coverage="50% (1/2)"/>
            <line number="9" hits="0" branch="false"/>
            <line number="11" hits="17" branch="false"/>
            <line number="16" hits="17" branch="false"/>
            <line number="19" hits="17" branch="false"/>
            <line number="20" hits="17" branch="false"/>
            <line number="21" hits="17" branch="false"/>
            <line number="23" hits="17" branch="false"/>
            <line number="33" hits="17" branch="true" condition-coverage="50% (1/2)"/>
            <line number="34" hits="0" branch="false"/>
            <line number="36" hits="17" branch="false"/>
            <line number="41" hits="17" branch="false"/>
            <line number="54" hits="17" branch="true" condition-coverage="50% (1/2)"/>
            <line number="55" hits="0" branch="false"/>
            <line number="56" hits="0" branch="false"/>
            <line number="57" hits="0" branch="false"/>
            <line number="60" hits="17" branch="false"/>
            <line number="62" hits="17" branch="false"/>
            <line number="75" hits="17" branch="true" condition-coverage="50% (1/2)"/>
            <line number="76" hits="0" branch="false"/>
            <line number="77" hits="0" branch="false"/>
            <line number="79" hits="17" branch="false"/>
            <line number="80" hits="17" branch="false"/>
            <line number="88" hits="17" branch="false"/>
          </lines>
        </class>
      </classes>
    </package>
    <package name="TP07_CodeCoverage_IS3.src.middleware" line-rate="1" branch-rate="1">
      <classes>
        <class name="auth.js" filename="src/middleware/auth.js" line-rate="1" branch-rate="1">
          <methods>
            <method name="(anonymous_0)" hits="91" signature="()V">
              <lines>
                <line number="3" hits="91"/>
              </lines>
            </method>
            <method name="(anonymous_1)" hits="25" signature="()V">
              <lines>
                <line number="21" hits="25"/>
              </lines>
            </method>
          </methods>
          <lines>
            <line number="1" hits="9" branch="false"/>
            <line number="3" hits="9" branch="false"/>
            <line number="4" hits="91" branch="false"/>
            <line number="5" hits="91" branch="false"/>
            <line number="7" hits="91" branch="true" condition-coverage="100% (4/4)"/>
            <line number="8" hits="8" branch="false"/>
            <line number="11" hits="83" branch="false"/>
            <line number="13" hits="83" branch="false"/>
            <line number="14" hits="82" branch="false"/>
            <line number="15" hits="82" branch="false"/>
            <line number="17" hits="1" branch="false"/>
            <line number="21" hits="9" branch="false"/>
            <line number="22" hits="25" branch="true" condition-coverage="100% (2/2)"/>
            <line number="23" hits="4" branch="false"/>
            <line number="25" hits="21" branch="false"/>
            <line number="28" hits="9" branch="false"/>
          </lines>
        </class>
      </classes>
    </package>
    <package name="TP07_CodeCoverage_IS3.src.models" line-rate="0.8595999999999999" branch-rate="0.6363">
      <classes>
        <class name="Task.js" filename="src/models/Task.js" line-rate="0.8403" branch-rate="0.6065">
          <methods>
            <method name="(anonymous_0)" hits="30" signature="()V">
              <lines>
                <line number="8" hits="30"/>
              </lines>
            </method>
            <method name="(anonymous_1)" hits="12" signature="()V">
              <lines>
                <line number="37" hits="12"/>
              </lines>
            </method>
            <method name="(anonymous_2)" hits="12" signature="()V">
              <lines>
                <line number="46" hits="12"/>
              </lines>
            </method>
            <method name="(anonymous_3)" hits="72" signature="()V">
              <lines>
                <line number="68" hits="72"/>
              </lines>
            </method>
            <method name="(anonymous_4)" hits="72" signature="()V">
              <lines>
                <line number="69" hits="72"/>
              </lines>
            </method>
            <method name="(anonymous_5)" hits="54" signature="()V">
              <lines>
                <line number="75" hits="54"/>
              </lines>
            </method>
            <method name="(anonymous_6)" hits="54" signature="()V">
              <lines>
                <line number="83" hits="54"/>
              </lines>
            </method>
            <method name="(anonymous_7)" hits="10" signature="()V">
              <lines>
                <line number="88" hits="10"/>
              </lines>
            </method>
            <method name="(anonymous_8)" hits="64" signature="()V">
              <lines>
                <line number="103" hits="64"/>
              </lines>
            </method>
            <method name="(anonymous_9)" hits="46" signature="()V">
              <lines>
                <line number="105" hits="46"/>
              </lines>
            </method>
            <method name="(anonymous_10)" hits="46" signature="()V">
              <lines>
                <line number="109" hits="46"/>
              </lines>
            </method>
            <method name="(anonymous_11)" hits="5" signature="()V">
              <lines>
                <line number="115" hits="5"/>
              </lines>
            </method>
            <method name="(anonymous_12)" hits="5" signature="()V">
              <lines>
                <line number="116" hits="5"/>
              </lines>
            </method>
            <method name="(anonymous_13)" hits="2" signature="()V">
              <lines>
                <line number="118" hits="2"/>
              </lines>
            </method>
            <method name="(anonymous_14)" hits="2" signature="()V">
              <lines>
                <line number="119" hits="2"/>
              </lines>
            </method>
            <method name="(anonymous_15)" hits="2" signature="()V">
              <lines>
                <line number="127" hits="2"/>
              </lines>
            </method>
            <method name="(anonymous_16)" hits="0" signature="()V">
              <lines>
                <line number="132" hits="0"/>
              </lines>
            </method>
            <method name="(anonymous_17)" hits="0" signature="()V">
              <lines>
                <line number="133" hits="0"/>
              </lines>
            </method>
            <method name="(anonymous_18)" hits="2" signature="()V">
              <lines>
                <line number="140" hits="2"/>
              </lines>
            </method>
            <method name="(anonymous_19)" hits="2" signature="()V">
              <lines>
                <line number="141" hits="2"/>
              </lines>
            </method>
            <method name="(anonymous_20)" hits="2" signature="()V">
              <lines>
                <line number="148" hits="2"/>
              </lines>
            </method>
            <method name="(anonymous_21)" hits="1" signature="()V">
              <lines>
                <line number="158" hits="1"/>
              </lines>
            </method>
            <method name="(anonymous_22)" hits="11" signature="()V">
              <lines>
                <line number="174" hits="11"/>
              </lines>
            </method>
            <method name="(anonymous_23)" hits="28" signature="()V">
              <lines>
                <line number="184" hits="28"/>
              </lines>
            </method>
            <method name="(anonymous_24)" hits="28" signature="()V">
              <lines>
                <line number="185" hits="28"/>
              </lines>
            </method>
            <method name="(anonymous_25)" hits="28" signature="()V">
              <lines>
                <line number="187" hits="28"/>
              </lines>
            </method>
            <method name="(anonymous_26)" hits="14" signature="()V">
              <lines>
                <line number="205" hits="14"/>
              </lines>
            </method>
            <method name="(anonymous_27)" hits="14" signature="()V">
              <lines>
                <line number="206" hits="14"/>
              </lines>
            </method>
            <method name="(anonymous_28)" hits="14" signature="()V">
              <lines>
                <line number="216" hits="14"/>
              </lines>
            </method>
            <method name="(anonymous_29)" hits="5" signature="()V">
              <lines>
                <line number="231" hits="5"/>
              </lines>
            </method>
            <method name="(anonymous_30)" hits="5" signature="()V">
              <lines>
                <line number="232" hits="5"/>
              </lines>
            </method>
            <method name="(anonymous_31)" hits="5" signature="()V">
              <lines>
                <line number="246" hits="5"/>
              </lines>
            </method>
            <method name="(anonymous_32)" hits="7" signature="()V">
              <lines>
                <line number="261" hits="7"/>
              </lines>
            </method>
            <method name="(anonymous_33)" hits="7" signature="()V">
              <lines>
                <line number="262" hits="7"/>
              </lines>
            </method>
            <method name="(anonymous_34)" hits="7" signature="()V">
              <lines>
                <line number="273" hits="7"/>
              </lines>
            </method>
            <method name="(anonymous_35)" hits="4" signature="()V">
              <lines>
                <line number="283" hits="4"/>
              </lines>
            </method>
            <method name="(anonymous_36)" hits="4" signature="()V">
              <lines>
                <line number="284" hits="4"/>
              </lines>
            </method>
            <method name="(anonymous_37)" hits="4" signature="()V">
              <lines>
                <line number="297" hits="4"/>
              </lines>
            </method>
            <method name="(anonymous_38)" hits="52" signature="()V">
              <lines>
                <line number="307" hits="52"/>
              </lines>
            </method>
            <method name="(anonymous_39)" hits="52" signature="()V">
              <lines>
                <line number="308" hits="52"/>
              </lines>
            </method>
            <method name="(anonymous_40)" hits="52" signature="()V">
              <lines>
                <line number="310" hits="52"/>
              </lines>
            </method>
            <method name="(anonymous_41)" hits="5" signature="()V">
              <lines>
                <line number="330" hits="5"/>
              </lines>
            </method>
            <method name="(anonymous_42)" hits="5" signature="()V">
              <lines>
                <line number="331" hits="5"/>
              </lines>
            </method>
            <method name="(anonymous_43)" hits="5" signature="()V">
              <lines>
                <line number="337" hits="5"/>
              </lines>
            </method>
            <method name="(anonymous_44)" hits="5" signature="()V">
              <lines>
                <line number="347" hits="5"/>
              </lines>
            </method>
            <method name="(anonymous_45)" hits="5" signature="()V">
              <lines>
                <line number="348" hits="5"/>
              </lines>
            </method>
            <method name="(anonymous_46)" hits="5" signature="()V">
              <lines>
                <line number="354" hits="5"/>
              </lines>
            </method>
            <method name="(anonymous_47)" hits="3" signature="()V">
              <lines>
                <line number="364" hits="3"/>
              </lines>
            </method>
            <method name="(anonymous_48)" hits="3" signature="()V">
              <lines>
                <line number="365" hits="3"/>
              </lines>
            </method>
            <method name="(anonymous_49)" hits="3" signature="()V">
              <lines>
                <line number="367" hits="3"/>
              </lines>
            </method>
            <method name="(anonymous_50)" hits="3" signature="()V">
              <lines>
                <line number="371" hits="3"/>
              </lines>
            </method>
            <method name="(anonymous_51)" hits="0" signature="()V">
              <lines>
                <line number="375" hits="0"/>
              </lines>
            </method>
            <method name="(anonymous_52)" hits="3" signature="()V">
              <lines>
                <line number="376" hits="3"/>
              </lines>
            </method>
            <method name="(anonymous_53)" hits="0" signature="()V">
              <lines>
                <line number="377" hits="0"/>
              </lines>
            </method>
            <method name="(anonymous_54)" hits="1" signature="()V">
              <lines>
                <line number="388" hits="1"/>
              </lines>
            </method>
            <method name="(anonymous_55)" hits="4" signature="()V">
              <lines>
                <line number="390" hits="4"/>
              </lines>
            </method>
            <method name="(anonymous_56)" hits="4" signature="()V">
              <lines>
                <line number="391" hits="4"/>
              </lines>
            </method>
            <method name="(anonymous_57)" hits="4" signature="()V">
              <lines>
                <line number="397" hits="4"/>
              </lines>
            </method>
            <method name="(anonymous_58)" hits="4" signature="()V">
              <lines>
                <line number="398" hits="4"/>
              </lines>
            </method>
            <method name="(anonymous_59)" hits="4" signature="()V">
              <lines>
                <line number="405" hits="4"/>
              </lines>
            </method>
            <method name="(anonymous_60)" hits="4" signature="()V">
              <lines>
                <line number="416" hits="4"/>
              </lines>
            </method>
            <method name="(anonymous_61)" hits="1" signature="()V">
              <lines>
                <line number="422" hits="1"/>
              </lines>
            </method>
            <method name="(anonymous_62)" hits="1" signature="()V">
              <lines>
                <line number="424" hits="1"/>
              </lines>
            </method>
            <method name="(anonymous_63)" hits="1" signature="()V">
              <lines>
                <line number="425" hits="1"/>
              </lines>
            </method>
            <method name="(anonymous_64)" hits="1" signature="()V">
              <lines>
                <line number="435" hits="1"/>
              </lines>
            </method>
            <method name="(anonymous_65)" hits="2" signature="()V">
              <lines>
                <line number="449" hits="2"/>
              </lines>
            </method>
            <method name="(anonymous_66)" hits="1" signature="()V">
              <lines>
                <line number="451" hits="1"/>
              </lines>
            </method>
            <method name="(anonymous_67)" hits="0" signature="()V">
              <lines>
                <line number="455" hits="0"/>
              </lines>
            </method>
          </methods>
          <lines>
            <line number="1" hits="8" branch="false"/>
            <line number="2" hits="8" branch="false"/>
            <line number="3" hits="8" branch="false"/>
            <line number="5" hits="8" branch="false"/>
            <line number="6" hits="8" branch="false"/>
            <line number="8" hits="8" branch="true" condition-coverage="50% (1/2)"/>
            <line number="9" hits="30" branch="false"/>
            <line number="10" hits="30" branch="false"/>
            <line number="12" hits="30" branch="true" condition-coverage="100% (2/2)"/>
            <line number="13" hits="8" branch="false"/>
            <line number="14" hits="22" branch="true" condition-coverage="100% (2/2)"/>
            <line number="15" hits="3" branch="false"/>
            <line number="18" hits="30" branch="true" condition-coverage="100% (2/2)"/>
            <line number="19" hits="7" branch="false"/>
            <line number="20" hits="7" branch="false"/>
            <line number="23" hits="30" branch="true" condition-coverage="100% (2/2)"/>
            <line number="24" hits="5" branch="false"/>
            <line number="25" hits="5" branch="false"/>
            <line number="28" hits="30" branch="true" condition-coverage="100% (2/2)"/>
            <line number="29" hits="8" branch="false"/>
            <line number="30" hits="8" branch="false"/>
            <line number="31" hits="8" branch="false"/>
            <line number="34" hits="30" branch="false"/>
            <line number="37" hits="8" branch="true" condition-coverage="0% (0/1)"/>
            <line number="38" hits="12" branch="true" condition-coverage="50% (1/2)"/>
            <line number="39" hits="0" branch="false"/>
            <line number="42" hits="12" branch="false"/>
            <line number="43" hits="12" branch="false"/>
            <line number="46" hits="8" branch="true" condition-coverage="50% (1/2)"/>
            <line number="47" hits="12" branch="true" condition-coverage="50% (1/2)"/>
            <line number="48" hits="0" branch="false"/>
            <line number="51" hits="12" branch="false"/>
            <line number="60" hits="12" branch="true" condition-coverage="100% (2/2)"/>
            <line number="61" hits="2" branch="false"/>
            <line number="62" hits="2" branch="false"/>
            <line number="65" hits="12" branch="false"/>
            <line number="68" hits="8" branch="true" condition-coverage="0% (0/2)"/>
            <line number="69" hits="72" branch="false"/>
            <line number="70" hits="72" branch="true" condition-coverage="100% (4/4)"/>
            <line number="71" hits="18" branch="false"/>
            <line number="72" hits="18" branch="false"/>
            <line number="75" hits="54" branch="false"/>
            <line number="76" hits="54" branch="false"/>
            <line number="83" hits="54" branch="false"/>
            <line number="84" hits="54" branch="true" condition-coverage="50% (1/2)"/>
            <line number="85" hits="0" branch="false"/>
            <line number="87" hits="54" branch="false"/>
            <line number="88" hits="54" branch="true" condition-coverage="50% (1/2)"/>
            <line number="89" hits="10" branch="false"/>
            <line number="90" hits="10" branch="true" condition-coverage="50% (1/2)"/>
            <line number="91" hits="10" branch="false"/>
            <line number="93" hits="10" branch="true" condition-coverage="50% (1/2)"/>
            <line number="94" hits="10" branch="false"/>
            <line number="97" hits="54" branch="false"/>
            <line number="103" hits="8" branch="true" condition-coverage="50% (1/2)"/>
            <line number="104" hits="64" branch="true" condition-coverage="50% (1/2)"/>
            <line number="105" hits="64" branch="false"/>
            <line number="107" hits="64" branch="false"/>
            <line number="109" hits="64" branch="false"/>
            <line number="115" hits="8" branch="true" condition-coverage="100% (1/1)"/>
            <line number="116" hits="5" branch="true" condition-coverage="100% (2/2)"/>
            <line number="118" hits="8" branch="false"/>
            <line number="119" hits="2" branch="false"/>
            <line number="120" hits="2" branch="false"/>
            <line number="127" hits="2" branch="false"/>
            <line number="128" hits="2" branch="true" condition-coverage="50% (1/2)"/>
            <line number="129" hits="0" branch="false"/>
            <line number="131" hits="2" branch="true" condition-coverage="50% (1/2)"/>
            <line number="132" hits="0" branch="true" condition-coverage="0% (0/4)"/>
            <line number="133" hits="0" branch="false"/>
            <line number="134" hits="2" branch="false"/>
            <line number="140" hits="8" branch="true" condition-coverage="0% (0/1)"/>
            <line number="141" hits="2" branch="false"/>
            <line number="142" hits="2" branch="false"/>
            <line number="148" hits="2" branch="false"/>
            <line number="149" hits="2" branch="true" condition-coverage="50% (1/2)"/>
            <line number="150" hits="0" branch="false"/>
            <line number="152" hits="2" branch="true" condition-coverage="50% (1/2)"/>
            <line number="158" hits="8" branch="false"/>
            <line number="159" hits="1" branch="true" condition-coverage="50% (1/2)"/>
            <line number="160" hits="0" branch="false"/>
            <line number="163" hits="1" branch="false"/>
            <line number="165" hits="1" branch="false"/>
            <line number="166" hits="1" branch="false"/>
            <line number="168" hits="0" branch="true" condition-coverage="0% (0/2)"/>
            <line number="169" hits="0" branch="false"/>
            <line number="174" hits="8" branch="true" condition-coverage="0% (0/1)"/>
            <line number="175" hits="11" branch="true" condition-coverage="100% (2/2)"/>
            <line number="176" hits="11" branch="true" condition-coverage="100% (2/2)"/>
            <line number="177" hits="11" branch="false"/>
            <line number="178" hits="11" branch="true" condition-coverage="100% (2/2)"/>
            <line number="180" hits="11" branch="false"/>
            <line number="183" hits="8" branch="false"/>
            <line number="185" hits="28" branch="false"/>
            <line number="186" hits="28" branch="false"/>
            <line number="187" hits="28" branch="false"/>
            <line number="188" hits="28" branch="true" condition-coverage="50% (1/2)"/>
            <line number="189" hits="0" branch="false"/>
            <line number="191" hits="28" branch="false"/>
            <line number="206" hits="14" branch="false"/>
            <line number="207" hits="14" branch="false"/>
            <line number="208" hits="14" branch="false"/>
            <line number="210" hits="14" branch="true" condition-coverage="100% (2/2)"/>
            <line number="211" hits="13" branch="false"/>
            <line number="214" hits="14" branch="false"/>
            <line number="216" hits="14" branch="false"/>
            <line number="217" hits="14" branch="true" condition-coverage="50% (1/2)"/>
            <line number="218" hits="0" branch="false"/>
            <line number="220" hits="14" branch="false"/>
            <line number="221" hits="14" branch="true" condition-coverage="50% (1/2)"/>
            <line number="222" hits="14" branch="false"/>
            <line number="224" hits="0" branch="false"/>
            <line number="232" hits="5" branch="false"/>
            <line number="233" hits="5" branch="false"/>
            <line number="234" hits="5" branch="false"/>
            <line number="240" hits="5" branch="true" condition-coverage="100% (2/2)"/>
            <line number="241" hits="4" branch="false"/>
            <line number="244" hits="5" branch="false"/>
            <line number="246" hits="5" branch="false"/>
            <line number="247" hits="5" branch="true" condition-coverage="50% (1/2)"/>
            <line number="248" hits="0" branch="false"/>
            <line number="250" hits="5" branch="false"/>
            <line number="251" hits="5" branch="true" condition-coverage="50% (1/2)"/>
            <line number="252" hits="5" branch="false"/>
            <line number="254" hits="0" branch="false"/>
            <line number="262" hits="7" branch="false"/>
            <line number="263" hits="7" branch="false"/>
            <line number="264" hits="7" branch="false"/>
            <line number="265" hits="7" branch="false"/>
            <line number="273" hits="7" branch="false"/>
            <line number="274" hits="7" branch="true" condition-coverage="50% (1/2)"/>
            <line number="275" hits="0" branch="false"/>
            <line number="277" hits="7" branch="false"/>
            <line number="284" hits="4" branch="false"/>
            <line number="285" hits="4" branch="false"/>
            <line number="286" hits="4" branch="false"/>
            <line number="293" hits="4" branch="true" condition-coverage="100% (2/2)"/>
            <line number="294" hits="2" branch="false"/>
            <line number="297" hits="4" branch="false"/>
            <line number="298" hits="4" branch="true" condition-coverage="50% (1/2)"/>
            <line number="299" hits="0" branch="false"/>
            <line number="301" hits="4" branch="false"/>
            <line number="308" hits="52" branch="false"/>
            <line number="309" hits="52" branch="false"/>
            <line number="310" hits="52" branch="false"/>
            <line number="311" hits="52" branch="true" condition-coverage="50% (1/2)"/>
            <line number="312" hits="0" branch="false"/>
            <line number="314" hits="52" branch="true" condition-coverage="100% (2/2)"/>
            <line number="315" hits="7" branch="false"/>
            <line number="316" hits="7" branch="false"/>
            <line number="319" hits="45" branch="false"/>
            <line number="320" hits="45" branch="false"/>
            <line number="321" hits="45" branch="true" condition-coverage="50% (1/2)"/>
            <line number="323" hits="0" branch="false"/>
            <line number="331" hits="5" branch="false"/>
            <line number="332" hits="5" branch="false"/>
            <line number="337" hits="5" branch="false"/>
            <line number="338" hits="5" branch="true" condition-coverage="50% (1/2)"/>
            <line number="339" hits="0" branch="false"/>
            <line number="341" hits="5" branch="false"/>
            <line number="348" hits="5" branch="false"/>
            <line number="349" hits="5" branch="false"/>
            <line number="354" hits="5" branch="false"/>
            <line number="355" hits="5" branch="true" condition-coverage="50% (1/2)"/>
            <line number="356" hits="0" branch="false"/>
            <line number="358" hits="5" branch="false"/>
            <line number="365" hits="3" branch="false"/>
            <line number="366" hits="3" branch="false"/>
            <line number="368" hits="3" branch="true" condition-coverage="100% (2/2)"/>
            <line number="369" hits="3" branch="false"/>
            <line number="371" hits="3" branch="false"/>
            <line number="372" hits="3" branch="true" condition-coverage="50% (1/2)"/>
            <line number="373" hits="0" branch="false"/>
            <line number="375" hits="3" branch="false"/>
            <line number="376" hits="3" branch="false"/>
            <line number="378" hits="0" branch="false"/>
            <line number="379" hits="0" branch="false"/>
            <line number="388" hits="1" branch="true" condition-coverage="100% (1/1)"/>
            <line number="391" hits="4" branch="false"/>
            <line number="392" hits="4" branch="true" condition-coverage="75% (3/4)"/>
            <line number="393" hits="0" branch="false"/>
            <line number="394" hits="0" branch="false"/>
            <line number="397" hits="4" branch="false"/>
            <line number="398" hits="4" branch="false"/>
            <line number="399" hits="4" branch="false"/>
            <line number="400" hits="4" branch="false"/>
            <line number="405" hits="4" branch="false"/>
            <line number="406" hits="4" branch="true" condition-coverage="50% (1/2)"/>
            <line number="407" hits="0" branch="false"/>
            <line number="409" hits="4" branch="false"/>
            <line number="415" hits="4" branch="false"/>
            <line number="416" hits="4" branch="false"/>
            <line number="422" hits="1" branch="true" condition-coverage="0% (0/1)"/>
            <line number="425" hits="1" branch="false"/>
            <line number="426" hits="1" branch="false"/>
            <line number="427" hits="1" branch="false"/>
            <line number="429" hits="1" branch="true" condition-coverage="50% (1/2)"/>
            <line number="430" hits="0" branch="false"/>
            <line number="431" hits="0" branch="false"/>
            <line number="434" hits="1" branch="false"/>
            <line number="435" hits="1" branch="false"/>
            <line number="436" hits="1" branch="true" condition-coverage="50% (1/2)"/>
            <line number="437" hits="0" branch="false"/>
            <line number="439" hits="1" branch="false"/>
            <line number="440" hits="1" branch="false"/>
            <line number="444" hits="0" branch="false"/>
            <line number="449" hits="2" branch="false"/>
            <line number="452" hits="1" branch="true" condition-coverage="50% (1/2)"/>
            <line number="454" hits="1" branch="false"/>
            <line number="456" hits="0" branch="false"/>
            <line number="457" hits="0" branch="false"/>
            <line number="459" hits="0" branch="false"/>
            <line number="466" hits="8" branch="false"/>
          </lines>
        </class>
        <class name="User.js" filename="src/models/User.js" line-rate="0.9166" branch-rate="0.75">
          <methods>
            <method name="(anonymous_0)" hits="45" signature="()V">
              <lines>
                <line number="3" hits="45"/>
              </lines>
            </method>
            <method name="(anonymous_1)" hits="34" signature="()V">
              <lines>
                <line number="12" hits="34"/>
              </lines>
            </method>
            <method name="(anonymous_2)" hits="34" signature="()V">
              <lines>
                <line number="13" hits="34"/>
              </lines>
            </method>
            <method name="(anonymous_3)" hits="34" signature="()V">
              <lines>
                <line number="15" hits="34"/>
              </lines>
            </method>
            <method name="(anonymous_4)" hits="41" signature="()V">
              <lines>
                <line number="25" hits="41"/>
              </lines>
            </method>
            <method name="(anonymous_5)" hits="41" signature="()V">
              <lines>
                <line number="26" hits="41"/>
              </lines>
            </method>
            <method name="(anonymous_6)" hits="41" signature="()V">
              <lines>
                <line number="28" hits="41"/>
              </lines>
            </method>
            <method name="(anonymous_7)" hits="22" signature="()V">
              <lines>
                <line number="38" hits="22"/>
              </lines>
            </method>
            <method name="(anonymous_8)" hits="22" signature="()V">
              <lines>
                <line number="39" hits="22"/>
              </lines>
            </method>
            <method name="(anonymous_9)" hits="22" signature="()V">
              <lines>
                <line number="41" hits="22"/>
              </lines>
            </method>
            <method name="(anonymous_10)" hits="13" signature="()V">
              <lines>
                <line number="51" hits="13"/>
              </lines>
            </method>
            <method name="(anonymous_11)" hits="13" signature="()V">
              <lines>
                <line number="52" hits="13"/>
              </lines>
            </method>
            <method name="(anonymous_12)" hits="13" signature="()V">
              <lines>
                <line number="54" hits="13"/>
              </lines>
            </method>
            <method name="(anonymous_13)" hits="3" signature="()V">
              <lines>
                <line number="64" hits="3"/>
              </lines>
            </method>
            <method name="(anonymous_14)" hits="3" signature="()V">
              <lines>
                <line number="65" hits="3"/>
              </lines>
            </method>
            <method name="(anonymous_15)" hits="3" signature="()V">
              <lines>
                <line number="67" hits="3"/>
              </lines>
            </method>
            <method name="(anonymous_16)" hits="15" signature="()V">
              <lines>
                <line number="77" hits="15"/>
              </lines>
            </method>
            <method name="(anonymous_17)" hits="15" signature="()V">
              <lines>
                <line number="78" hits="15"/>
              </lines>
            </method>
            <method name="(anonymous_18)" hits="11" signature="()V">
              <lines>
                <line number="109" hits="11"/>
              </lines>
            </method>
            <method name="(anonymous_19)" hits="10" signature="()V">
              <lines>
                <line number="116" hits="10"/>
              </lines>
            </method>
            <method name="(anonymous_20)" hits="4" signature="()V">
              <lines>
                <line number="128" hits="4"/>
              </lines>
            </method>
            <method name="(anonymous_21)" hits="4" signature="()V">
              <lines>
                <line number="129" hits="4"/>
              </lines>
            </method>
            <method name="(anonymous_22)" hits="4" signature="()V">
              <lines>
                <line number="131" hits="4"/>
              </lines>
            </method>
          </methods>
          <lines>
            <line number="1" hits="9" branch="false"/>
            <line number="3" hits="9" branch="false"/>
            <line number="4" hits="45" branch="true" condition-coverage="100% (2/2)"/>
            <line number="5" hits="29" branch="false"/>
            <line number="8" hits="16" branch="false"/>
            <line number="11" hits="9" branch="false"/>
            <line number="13" hits="34" branch="false"/>
            <line number="14" hits="34" branch="false"/>
            <line number="15" hits="34" branch="false"/>
            <line number="16" hits="34" branch="true" condition-coverage="50% (1/2)"/>
            <line number="17" hits="0" branch="false"/>
            <line number="19" hits="34" branch="false"/>
            <line number="26" hits="41" branch="false"/>
            <line number="27" hits="41" branch="false"/>
            <line number="28" hits="41" branch="false"/>
            <line number="29" hits="41" branch="true" condition-coverage="50% (1/2)"/>
            <line number="30" hits="0" branch="false"/>
            <line number="32" hits="41" branch="false"/>
            <line number="39" hits="22" branch="false"/>
            <line number="40" hits="22" branch="false"/>
            <line number="41" hits="22" branch="false"/>
            <line number="42" hits="22" branch="true" condition-coverage="50% (1/2)"/>
            <line number="43" hits="0" branch="false"/>
            <line number="45" hits="22" branch="false"/>
            <line number="52" hits="13" branch="false"/>
            <line number="53" hits="13" branch="false"/>
            <line number="54" hits="13" branch="false"/>
            <line number="55" hits="13" branch="true" condition-coverage="50% (1/2)"/>
            <line number="56" hits="0" branch="false"/>
            <line number="58" hits="13" branch="false"/>
            <line number="65" hits="3" branch="false"/>
            <line number="66" hits="3" branch="false"/>
            <line number="67" hits="3" branch="false"/>
            <line number="68" hits="3" branch="true" condition-coverage="50% (1/2)"/>
            <line number="69" hits="0" branch="false"/>
            <line number="71" hits="3" branch="true" condition-coverage="50% (1/2)"/>
            <line number="78" hits="15" branch="false"/>
            <line number="79" hits="15" branch="false"/>
            <line number="80" hits="15" branch="false"/>
            <line number="81" hits="15" branch="false"/>
            <line number="83" hits="15" branch="false"/>
            <line number="84" hits="15" branch="false"/>
            <line number="85" hits="15" branch="false"/>
            <line number="87" hits="15" branch="true" condition-coverage="100% (2/2)"/>
            <line number="88" hits="6" branch="false"/>
            <line number="89" hits="6" branch="false"/>
            <line number="92" hits="15" branch="true" condition-coverage="100% (2/2)"/>
            <line number="93" hits="3" branch="false"/>
            <line number="94" hits="3" branch="false"/>
            <line number="97" hits="15" branch="true" condition-coverage="100% (4/4)"/>
            <line number="98" hits="4" branch="false"/>
            <line number="99" hits="4" branch="false"/>
            <line number="102" hits="15" branch="true" condition-coverage="100% (2/2)"/>
            <line number="103" hits="4" branch="false"/>
            <line number="104" hits="4" branch="false"/>
            <line number="107" hits="11" branch="false"/>
            <line number="109" hits="11" branch="false"/>
            <line number="110" hits="11" branch="true" condition-coverage="100% (2/2)"/>
            <line number="111" hits="1" branch="false"/>
            <line number="112" hits="1" branch="false"/>
            <line number="115" hits="10" branch="false"/>
            <line number="117" hits="10" branch="true" condition-coverage="100% (2/2)"/>
            <line number="118" hits="1" branch="false"/>
            <line number="119" hits="1" branch="false"/>
            <line number="121" hits="9" branch="false"/>
            <line number="129" hits="4" branch="false"/>
            <line number="130" hits="4" branch="false"/>
            <line number="131" hits="4" branch="false"/>
            <line number="132" hits="4" branch="true" condition-coverage="50% (1/2)"/>
            <line number="133" hits="0" branch="false"/>
            <line number="135" hits="4" branch="false"/>
            <line number="142" hits="9" branch="false"/>
          </lines>
        </class>
      </classes>
    </package>
    <package name="TP07_CodeCoverage_IS3.src.routes" line-rate="0.8794" branch-rate="0.9051">
      <classes>
        <class name="auth.js" filename="src/routes/auth.js" line-rate="0.9" branch-rate="1">
          <methods>
            <method name="(anonymous_0)" hits="25" signature="()V">
              <lines>
                <line number="9" hits="25"/>
              </lines>
            </method>
            <method name="(anonymous_1)" hits="20" signature="()V">
              <lines>
                <line number="63" hits="20"/>
              </lines>
            </method>
          </methods>
          <lines>
            <line number="1" hits="8" branch="false"/>
            <line number="2" hits="8" branch="false"/>
            <line number="3" hits="8" branch="false"/>
            <line number="4" hits="8" branch="false"/>
            <line number="6" hits="8" branch="false"/>
            <line number="9" hits="8" branch="false"/>
            <line number="10" hits="25" branch="false"/>
            <line number="11" hits="25" branch="false"/>
            <line number="14" hits="25" branch="true" condition-coverage="100% (5/5)"/>
            <line number="15" hits="3" branch="false"/>
            <line number="18" hits="22" branch="true" condition-coverage="100% (2/2)"/>
            <line number="19" hits="1" branch="false"/>
            <line number="23" hits="21" branch="false"/>
            <line number="24" hits="21" branch="true" condition-coverage="100% (2/2)"/>
            <line number="25" hits="1" branch="false"/>
            <line number="28" hits="20" branch="false"/>
            <line number="29" hits="20" branch="true" condition-coverage="100% (2/2)"/>
            <line number="30" hits="1" branch="false"/>
            <line number="34" hits="19" branch="false"/>
            <line number="37" hits="19" branch="false"/>
            <line number="40" hits="19" branch="false"/>
            <line number="46" hits="19" branch="false"/>
            <line number="57" hits="0" branch="false"/>
            <line number="58" hits="0" branch="false"/>
            <line number="63" hits="8" branch="false"/>
            <line number="64" hits="20" branch="false"/>
            <line number="65" hits="20" branch="false"/>
            <line number="68" hits="20" branch="true" condition-coverage="100% (4/4)"/>
            <line number="69" hits="2" branch="false"/>
            <line number="73" hits="18" branch="false"/>
            <line number="74" hits="18" branch="true" condition-coverage="100% (2/2)"/>
            <line number="75" hits="1" branch="false"/>
            <line number="79" hits="17" branch="false"/>
            <line number="80" hits="17" branch="true" condition-coverage="100% (2/2)"/>
            <line number="81" hits="1" branch="false"/>
            <line number="85" hits="16" branch="false"/>
            <line number="91" hits="16" branch="false"/>
            <line number="102" hits="0" branch="false"/>
            <line number="103" hits="0" branch="false"/>
            <line number="107" hits="8" branch="false"/>
          </lines>
        </class>
        <class name="tasks.js" filename="src/routes/tasks.js" line-rate="0.8740000000000001" branch-rate="0.9037999999999999">
          <methods>
            <method name="(anonymous_0)" hits="4" signature="()V">
              <lines>
                <line number="16" hits="4"/>
              </lines>
            </method>
            <method name="(anonymous_1)" hits="4" signature="()V">
              <lines>
                <line number="19" hits="4"/>
              </lines>
            </method>
            <method name="(anonymous_2)" hits="15" signature="()V">
              <lines>
                <line number="35" hits="15"/>
              </lines>
            </method>
            <method name="(anonymous_3)" hits="7" signature="()V">
              <lines>
                <line number="67" hits="7"/>
              </lines>
            </method>
            <method name="(anonymous_4)" hits="3" signature="()V">
              <lines>
                <line number="79" hits="3"/>
              </lines>
            </method>
            <method name="(anonymous_5)" hits="5" signature="()V">
              <lines>
                <line number="91" hits="5"/>
              </lines>
            </method>
            <method name="(anonymous_6)" hits="22" signature="()V">
              <lines>
                <line number="108" hits="22"/>
              </lines>
            </method>
            <method name="(anonymous_7)" hits="10" signature="()V">
              <lines>
                <line number="132" hits="10"/>
              </lines>
            </method>
            <method name="(anonymous_8)" hits="4" signature="()V">
              <lines>
                <line number="163" hits="4"/>
              </lines>
            </method>
            <method name="(anonymous_9)" hits="4" signature="()V">
              <lines>
                <line number="187" hits="4"/>
              </lines>
            </method>
            <method name="(anonymous_10)" hits="4" signature="()V">
              <lines>
                <line number="210" hits="4"/>
              </lines>
            </method>
          </methods>
          <lines>
            <line number="1" hits="8" branch="false"/>
            <line number="2" hits="8" branch="false"/>
            <line number="3" hits="8" branch="false"/>
            <line number="4" hits="8" branch="false"/>
            <line number="5" hits="8" branch="false"/>
            <line number="6" hits="8" branch="false"/>
            <line number="8" hits="8" branch="false"/>
            <line number="10" hits="8" branch="false"/>
            <line number="11" hits="8" branch="true" condition-coverage="50% (1/2)"/>
            <line number="12" hits="0" branch="false"/>
            <line number="15" hits="8" branch="false"/>
            <line number="17" hits="4" branch="false"/>
            <line number="20" hits="4" branch="false"/>
            <line number="21" hits="4" branch="false"/>
            <line number="22" hits="4" branch="false"/>
            <line number="23" hits="4" branch="false"/>
            <line number="27" hits="8" branch="false"/>
            <line number="35" hits="8" branch="false"/>
            <line number="36" hits="15" branch="false"/>
            <line number="38" hits="15" branch="true" condition-coverage="100% (2/2)"/>
            <line number="39" hits="5" branch="false"/>
            <line number="40" hits="5" branch="true" condition-coverage="75% (3/4)"/>
            <line number="41" hits="5" branch="false"/>
            <line number="45" hits="15" branch="true" condition-coverage="100% (2/2)"/>
            <line number="46" hits="3" branch="false"/>
            <line number="49" hits="15" branch="true" condition-coverage="100% (2/2)"/>
            <line number="50" hits="2" branch="false"/>
            <line number="53" hits="15" branch="true" condition-coverage="100% (2/2)"/>
            <line number="54" hits="4" branch="false"/>
            <line number="55" hits="4" branch="true" condition-coverage="50% (1/2)"/>
            <line number="56" hits="4" branch="false"/>
            <line number="60" hits="15" branch="false"/>
            <line number="64" hits="8" branch="false"/>
            <line number="67" hits="8" branch="false"/>
            <line number="68" hits="7" branch="false"/>
            <line number="69" hits="7" branch="false"/>
            <line number="70" hits="7" branch="false"/>
            <line number="71" hits="7" branch="false"/>
            <line number="73" hits="0" branch="false"/>
            <line number="74" hits="0" branch="false"/>
            <line number="79" hits="8" branch="false"/>
            <line number="80" hits="3" branch="false"/>
            <line number="81" hits="3" branch="false"/>
            <line number="82" hits="3" branch="false"/>
            <line number="83" hits="3" branch="false"/>
            <line number="85" hits="0" branch="false"/>
            <line number="86" hits="0" branch="false"/>
            <line number="91" hits="8" branch="false"/>
            <line number="92" hits="5" branch="false"/>
            <line number="93" hits="5" branch="false"/>
            <line number="94" hits="5" branch="true" condition-coverage="100% (2/2)"/>
            <line number="96" hits="5" branch="true" condition-coverage="100% (4/4)"/>
            <line number="100" hits="5" branch="false"/>
            <line number="102" hits="0" branch="false"/>
            <line number="103" hits="0" branch="false"/>
            <line number="108" hits="8" branch="false"/>
            <line number="109" hits="22" branch="false"/>
            <line number="110" hits="22" branch="false"/>
            <line number="112" hits="22" branch="true" condition-coverage="100% (2/2)"/>
            <line number="113" hits="2" branch="false"/>
            <line number="116" hits="20" branch="true" condition-coverage="50% (1/2)"/>
            <line number="117" hits="20" branch="false"/>
            <line number="119" hits="20" branch="true" condition-coverage="100% (2/2)"/>
            <line number="120" hits="3" branch="false"/>
            <line number="123" hits="20" branch="false"/>
            <line number="124" hits="20" branch="false"/>
            <line number="126" hits="0" branch="false"/>
            <line number="127" hits="0" branch="false"/>
            <line number="132" hits="8" branch="false"/>
            <line number="133" hits="10" branch="false"/>
            <line number="134" hits="10" branch="false"/>
            <line number="135" hits="10" branch="false"/>
            <line number="138" hits="10" branch="false"/>
            <line number="139" hits="10" branch="true" condition-coverage="100% (2/2)"/>
            <line number="140" hits="2" branch="false"/>
            <line number="143" hits="8" branch="true" condition-coverage="100% (2/2)"/>
            <line number="144" hits="3" branch="false"/>
            <line number="147" hits="5" branch="false"/>
            <line number="149" hits="4" branch="true" condition-coverage="100% (2/2)"/>
            <line number="150" hits="4" branch="true" condition-coverage="100% (2/2)"/>
            <line number="151" hits="1" branch="false"/>
            <line number="154" hits="4" branch="false"/>
            <line number="155" hits="4" branch="false"/>
            <line number="157" hits="1" branch="false"/>
            <line number="158" hits="1" branch="false"/>
            <line number="163" hits="8" branch="false"/>
            <line number="164" hits="4" branch="false"/>
            <line number="165" hits="4" branch="false"/>
            <line number="168" hits="4" branch="false"/>
            <line number="169" hits="4" branch="true" condition-coverage="100% (2/2)"/>
            <line number="170" hits="1" branch="false"/>
            <line number="173" hits="3" branch="true" condition-coverage="100% (2/2)"/>
            <line number="174" hits="1" branch="false"/>
            <line number="177" hits="2" branch="false"/>
            <line number="178" hits="2" branch="false"/>
            <line number="179" hits="2" branch="false"/>
            <line number="181" hits="0" branch="false"/>
            <line number="182" hits="0" branch="false"/>
            <line number="187" hits="8" branch="false"/>
            <line number="188" hits="4" branch="false"/>
            <line number="189" hits="4" branch="false"/>
            <line number="192" hits="4" branch="false"/>
            <line number="193" hits="4" branch="true" condition-coverage="100% (2/2)"/>
            <line number="194" hits="1" branch="false"/>
            <line number="197" hits="3" branch="true" condition-coverage="100% (2/2)"/>
            <line number="198" hits="1" branch="false"/>
            <line number="201" hits="2" branch="false"/>
            <line number="202" hits="2" branch="false"/>
            <line number="204" hits="0" branch="false"/>
            <line number="205" hits="0" branch="false"/>
            <line number="210" hits="8" branch="false"/>
            <line number="211" hits="4" branch="false"/>
            <line number="212" hits="4" branch="false"/>
            <line number="214" hits="4" branch="false"/>
            <line number="215" hits="4" branch="true" condition-coverage="100% (2/2)"/>
            <line number="216" hits="2" branch="false"/>
            <line number="219" hits="2" branch="true" condition-coverage="100% (2/2)"/>
            <line number="220" hits="1" branch="false"/>
            <line number="223" hits="1" branch="false"/>
            <line number="225" hits="1" branch="true" condition-coverage="75% (3/4)"/>
            <line number="226" hits="0" branch="false"/>
            <line number="229" hits="1" branch="false"/>
            <line number="230" hits="1" branch="false"/>
            <line number="232" hits="1" branch="false"/>
            <line number="234" hits="0" branch="false"/>
            <line number="235" hits="0" branch="false"/>
            <line number="239" hits="8" branch="false"/>
          </lines>
        </class>
        <class name="users.js" filename="src/routes/users.js" line-rate="0.8771" branch-rate="0.8665999999999999">
          <methods>
            <method name="(anonymous_0)" hits="2" signature="()V">
              <lines>
                <line number="10" hits="2"/>
              </lines>
            </method>
            <method name="(anonymous_1)" hits="11" signature="()V">
              <lines>
                <line number="20" hits="11"/>
              </lines>
            </method>
            <method name="(anonymous_2)" hits="4" signature="()V">
              <lines>
                <line number="75" hits="4"/>
              </lines>
            </method>
          </methods>
          <lines>
            <line number="1" hits="8" branch="false"/>
            <line number="2" hits="8" branch="false"/>
            <line number="3" hits="8" branch="false"/>
            <line number="4" hits="8" branch="false"/>
            <line number="6" hits="8" branch="false"/>
            <line number="8" hits="8" branch="false"/>
            <line number="10" hits="8" branch="false"/>
            <line number="11" hits="2" branch="false"/>
            <line number="12" hits="2" branch="false"/>
            <line number="13" hits="2" branch="false"/>
            <line number="15" hits="0" branch="false"/>
            <line number="16" hits="0" branch="false"/>
            <line number="20" hits="8" branch="false"/>
            <line number="21" hits="11" branch="false"/>
            <line number="23" hits="11" branch="true" condition-coverage="100% (4/4)"/>
            <line number="24" hits="1" branch="false"/>
            <line number="27" hits="10" branch="true" condition-coverage="50% (1/2)"/>
            <line number="28" hits="10" branch="false"/>
            <line number="30" hits="10" branch="true" condition-coverage="100% (4/4)"/>
            <line number="31" hits="1" branch="false"/>
            <line number="34" hits="9" branch="true" condition-coverage="100% (4/4)"/>
            <line number="35" hits="1" branch="false"/>
            <line number="38" hits="8" branch="true" condition-coverage="100% (5/5)"/>
            <line number="39" hits="1" branch="false"/>
            <line number="42" hits="7" branch="true" condition-coverage="100% (4/4)"/>
            <line number="43" hits="1" branch="false"/>
            <line number="46" hits="6" branch="false"/>
            <line number="47" hits="6" branch="false"/>
            <line number="49" hits="5" branch="true" condition-coverage="100% (2/2)"/>
            <line number="50" hits="1" branch="false"/>
            <line number="53" hits="4" branch="false"/>
            <line number="55" hits="1" branch="false"/>
            <line number="57" hits="1" branch="true" condition-coverage="75% (3/4)"/>
            <line number="58" hits="1" branch="false"/>
            <line number="60" hits="1" branch="true" condition-coverage="50% (1/2)"/>
            <line number="61" hits="1" branch="true" condition-coverage="50% (1/2)"/>
            <line number="62" hits="1" branch="false"/>
            <line number="63" hits="0" branch="true" condition-coverage="0% (0/2)"/>
            <line number="64" hits="0" branch="false"/>
            <line number="68" hits="1" branch="false"/>
            <line number="71" hits="0" branch="false"/>
            <line number="75" hits="8" branch="false"/>
            <line number="76" hits="4" branch="false"/>
            <line number="78" hits="4" branch="true" condition-coverage="100% (4/4)"/>
            <line number="79" hits="1" branch="false"/>
            <line number="82" hits="3" branch="true" condition-coverage="100% (2/2)"/>
            <line number="83" hits="1" branch="false"/>
            <line number="86" hits="2" branch="false"/>
            <line number="87" hits="2" branch="false"/>
            <line number="88" hits="2" branch="false"/>
            <line number="90" hits="2" branch="true" condition-coverage="100% (4/4)"/>
            <line number="91" hits="1" branch="false"/>
            <line number="94" hits="1" branch="false"/>
            <line number="96" hits="1" branch="false"/>
            <line number="98" hits="0" branch="false"/>
            <line number="99" hits="0" branch="false"/>
            <line number="103" hits="8" branch="false"/>
          </lines>
        </class>
      </classes>
    </package>
  </packages>
</coverage>
