TN:
SF:server.js
FN:49,(anonymous_0)
FN:54,(anonymous_1)
FN:61,startServer
FN:78,(anonymous_3)
FNF:4
FNH:0
FNDA:0,(anonymous_0)
FNDA:0,(anonymous_1)
FNDA:0,startServer
FNDA:0,(anonymous_3)
DA:1,8
DA:2,8
DA:3,8
DA:4,8
DA:5,8
DA:6,8
DA:7,8
DA:8,8
DA:9,8
DA:10,8
DA:11,8
DA:12,8
DA:14,8
DA:15,8
DA:18,8
DA:21,8
DA:24,8
DA:28,8
DA:31,8
DA:32,8
DA:35,8
DA:37,8
DA:38,8
DA:39,0
DA:41,8
DA:44,8
DA:45,8
DA:46,8
DA:49,8
DA:50,0
DA:54,8
DA:55,0
DA:62,0
DA:64,0
DA:65,0
DA:66,0
DA:67,0
DA:68,0
DA:69,0
DA:71,0
DA:75,0
DA:76,0
DA:78,0
DA:79,0
DA:80,0
DA:81,0
DA:82,0
DA:83,0
DA:86,0
DA:87,0
DA:91,8
DA:94,8
DA:95,0
LF:53
LH:31
BRDA:15,0,0,8
BRDA:15,0,1,0
BRDA:38,1,0,0
BRDA:38,1,1,8
BRDA:64,2,0,0
BRDA:64,2,1,0
BRDA:67,3,0,0
BRDA:67,3,1,0
BRDA:94,4,0,0
BRDA:94,4,1,8
BRF:10
BRH:3
end_of_record
TN:
SF:src/seed.js
FN:4,seedAdmin
FN:5,(anonymous_1)
FN:7,(anonymous_2)
FN:23,(anonymous_3)
FNF:4
FNH:4
FNDA:16,seedAdmin
FNDA:16,(anonymous_1)
FNDA:16,(anonymous_2)
FNDA:16,(anonymous_3)
DA:1,16
DA:2,16
DA:5,16
DA:7,16
DA:8,16
DA:9,0
DA:10,0
DA:13,16
DA:14,0
DA:15,0
DA:16,0
DA:20,16
DA:21,16
DA:23,16
DA:24,16
DA:25,0
DA:27,16
DA:28,16
DA:35,16
LF:19
LH:13
BRDA:8,0,0,0
BRDA:8,0,1,16
BRDA:13,1,0,0
BRDA:13,1,1,16
BRDA:24,2,0,0
BRDA:24,2,1,16
BRF:6
BRH:3
end_of_record
TN:
SF:src/config/database.js
FN:7,(anonymous_0)
FN:19,(anonymous_1)
FN:20,(anonymous_2)
FN:21,(anonymous_3)
FN:32,(anonymous_4)
FN:53,(anonymous_5)
FN:74,(anonymous_6)
FNF:7
FNH:7
FNDA:17,(anonymous_0)
FNDA:17,(anonymous_1)
FNDA:17,(anonymous_2)
FNDA:17,(anonymous_3)
FNDA:17,(anonymous_4)
FNDA:17,(anonymous_5)
FNDA:17,(anonymous_6)
DA:1,17
DA:2,17
DA:4,17
DA:7,17
DA:8,17
DA:9,0
DA:11,17
DA:16,17
DA:19,17
DA:20,17
DA:21,17
DA:23,17
DA:33,17
DA:34,0
DA:36,17
DA:41,17
DA:54,17
DA:55,0
DA:56,0
DA:57,0
DA:60,17
DA:62,17
DA:75,17
DA:76,0
DA:77,0
DA:79,17
DA:80,17
DA:88,17
LF:28
LH:21
BRDA:4,0,0,17
BRDA:4,0,1,0
BRDA:8,1,0,0
BRDA:8,1,1,17
BRDA:33,2,0,0
BRDA:33,2,1,17
BRDA:54,3,0,0
BRDA:54,3,1,17
BRDA:75,4,0,0
BRDA:75,4,1,17
BRF:10
BRH:5
end_of_record
TN:
SF:src/middleware/auth.js
FN:3,(anonymous_0)
FN:21,(anonymous_1)
FNF:2
FNH:2
FNDA:91,(anonymous_0)
FNDA:25,(anonymous_1)
DA:1,9
DA:3,9
DA:4,91
DA:5,91
DA:7,91
DA:8,8
DA:11,83
DA:13,83
DA:14,82
DA:15,82
DA:17,1
DA:21,9
DA:22,25
DA:23,4
DA:25,21
DA:28,9
LF:16
LH:16
BRDA:7,0,0,8
BRDA:7,0,1,83
BRDA:7,1,0,91
BRDA:7,1,1,83
BRDA:22,2,0,4
BRDA:22,2,1,21
BRF:6
BRH:6
end_of_record
TN:
SF:src/models/Task.js
FN:8,(anonymous_0)
FN:37,(anonymous_1)
FN:46,(anonymous_2)
FN:68,(anonymous_3)
FN:69,(anonymous_4)
FN:75,(anonymous_5)
FN:83,(anonymous_6)
FN:88,(anonymous_7)
FN:103,(anonymous_8)
FN:105,(anonymous_9)
FN:109,(anonymous_10)
FN:115,(anonymous_11)
FN:116,(anonymous_12)
FN:118,(anonymous_13)
FN:119,(anonymous_14)
FN:127,(anonymous_15)
FN:132,(anonymous_16)
FN:133,(anonymous_17)
FN:140,(anonymous_18)
FN:141,(anonymous_19)
FN:148,(anonymous_20)
FN:158,(anonymous_21)
FN:174,(anonymous_22)
FN:184,(anonymous_23)
FN:185,(anonymous_24)
FN:187,(anonymous_25)
FN:205,(anonymous_26)
FN:206,(anonymous_27)
FN:216,(anonymous_28)
FN:231,(anonymous_29)
FN:232,(anonymous_30)
FN:246,(anonymous_31)
FN:261,(anonymous_32)
FN:262,(anonymous_33)
FN:273,(anonymous_34)
FN:283,(anonymous_35)
FN:284,(anonymous_36)
FN:297,(anonymous_37)
FN:307,(anonymous_38)
FN:308,(anonymous_39)
FN:310,(anonymous_40)
FN:330,(anonymous_41)
FN:331,(anonymous_42)
FN:337,(anonymous_43)
FN:347,(anonymous_44)
FN:348,(anonymous_45)
FN:354,(anonymous_46)
FN:364,(anonymous_47)
FN:365,(anonymous_48)
FN:367,(anonymous_49)
FN:371,(anonymous_50)
FN:375,(anonymous_51)
FN:376,(anonymous_52)
FN:377,(anonymous_53)
FN:388,(anonymous_54)
FN:390,(anonymous_55)
FN:391,(anonymous_56)
FN:397,(anonymous_57)
FN:398,(anonymous_58)
FN:405,(anonymous_59)
FN:416,(anonymous_60)
FN:422,(anonymous_61)
FN:424,(anonymous_62)
FN:425,(anonymous_63)
FN:435,(anonymous_64)
FN:449,(anonymous_65)
FN:451,(anonymous_66)
FN:455,(anonymous_67)
FNF:68
FNH:63
FNDA:30,(anonymous_0)
FNDA:12,(anonymous_1)
FNDA:12,(anonymous_2)
FNDA:72,(anonymous_3)
FNDA:72,(anonymous_4)
FNDA:54,(anonymous_5)
FNDA:54,(anonymous_6)
FNDA:10,(anonymous_7)
FNDA:64,(anonymous_8)
FNDA:46,(anonymous_9)
FNDA:46,(anonymous_10)
FNDA:5,(anonymous_11)
FNDA:5,(anonymous_12)
FNDA:2,(anonymous_13)
FNDA:2,(anonymous_14)
FNDA:2,(anonymous_15)
FNDA:0,(anonymous_16)
FNDA:0,(anonymous_17)
FNDA:2,(anonymous_18)
FNDA:2,(anonymous_19)
FNDA:2,(anonymous_20)
FNDA:1,(anonymous_21)
FNDA:11,(anonymous_22)
FNDA:28,(anonymous_23)
FNDA:28,(anonymous_24)
FNDA:28,(anonymous_25)
FNDA:14,(anonymous_26)
FNDA:14,(anonymous_27)
FNDA:14,(anonymous_28)
FNDA:5,(anonymous_29)
FNDA:5,(anonymous_30)
FNDA:5,(anonymous_31)
FNDA:7,(anonymous_32)
FNDA:7,(anonymous_33)
FNDA:7,(anonymous_34)
FNDA:4,(anonymous_35)
FNDA:4,(anonymous_36)
FNDA:4,(anonymous_37)
FNDA:52,(anonymous_38)
FNDA:52,(anonymous_39)
FNDA:52,(anonymous_40)
FNDA:5,(anonymous_41)
FNDA:5,(anonymous_42)
FNDA:5,(anonymous_43)
FNDA:5,(anonymous_44)
FNDA:5,(anonymous_45)
FNDA:5,(anonymous_46)
FNDA:3,(anonymous_47)
FNDA:3,(anonymous_48)
FNDA:3,(anonymous_49)
FNDA:3,(anonymous_50)
FNDA:0,(anonymous_51)
FNDA:3,(anonymous_52)
FNDA:0,(anonymous_53)
FNDA:1,(anonymous_54)
FNDA:4,(anonymous_55)
FNDA:4,(anonymous_56)
FNDA:4,(anonymous_57)
FNDA:4,(anonymous_58)
FNDA:4,(anonymous_59)
FNDA:4,(anonymous_60)
FNDA:1,(anonymous_61)
FNDA:1,(anonymous_62)
FNDA:1,(anonymous_63)
FNDA:1,(anonymous_64)
FNDA:2,(anonymous_65)
FNDA:1,(anonymous_66)
FNDA:0,(anonymous_67)
DA:1,8
DA:2,8
DA:3,8
DA:5,8
DA:6,8
DA:8,8
DA:9,30
DA:10,30
DA:12,30
DA:13,8
DA:14,22
DA:15,3
DA:18,30
DA:19,7
DA:20,7
DA:23,30
DA:24,5
DA:25,5
DA:28,30
DA:29,8
DA:30,8
DA:31,8
DA:34,30
DA:37,8
DA:38,12
DA:39,0
DA:42,12
DA:43,12
DA:46,8
DA:47,12
DA:48,0
DA:51,12
DA:60,12
DA:61,2
DA:62,2
DA:65,12
DA:68,8
DA:69,72
DA:70,72
DA:71,18
DA:72,18
DA:75,54
DA:76,54
DA:83,54
DA:84,54
DA:85,0
DA:87,54
DA:88,54
DA:89,10
DA:90,10
DA:91,10
DA:93,10
DA:94,10
DA:97,54
DA:103,8
DA:104,64
DA:105,64
DA:107,64
DA:109,64
DA:115,8
DA:116,5
DA:118,8
DA:119,2
DA:120,2
DA:127,2
DA:128,2
DA:129,0
DA:131,2
DA:132,0
DA:133,0
DA:134,2
DA:140,8
DA:141,2
DA:142,2
DA:148,2
DA:149,2
DA:150,0
DA:152,2
DA:158,8
DA:159,1
DA:160,0
DA:163,1
DA:165,1
DA:166,1
DA:168,0
DA:169,0
DA:174,8
DA:175,11
DA:176,11
DA:177,11
DA:178,11
DA:180,11
DA:183,8
DA:185,28
DA:186,28
DA:187,28
DA:188,28
DA:189,0
DA:191,28
DA:206,14
DA:207,14
DA:208,14
DA:210,14
DA:211,13
DA:214,14
DA:216,14
DA:217,14
DA:218,0
DA:220,14
DA:221,14
DA:222,14
DA:224,0
DA:232,5
DA:233,5
DA:234,5
DA:240,5
DA:241,4
DA:244,5
DA:246,5
DA:247,5
DA:248,0
DA:250,5
DA:251,5
DA:252,5
DA:254,0
DA:262,7
DA:263,7
DA:264,7
DA:265,7
DA:273,7
DA:274,7
DA:275,0
DA:277,7
DA:284,4
DA:285,4
DA:286,4
DA:293,4
DA:294,2
DA:297,4
DA:298,4
DA:299,0
DA:301,4
DA:308,52
DA:309,52
DA:310,52
DA:311,52
DA:312,0
DA:314,52
DA:315,7
DA:316,7
DA:319,45
DA:320,45
DA:321,45
DA:323,0
DA:331,5
DA:332,5
DA:337,5
DA:338,5
DA:339,0
DA:341,5
DA:348,5
DA:349,5
DA:354,5
DA:355,5
DA:356,0
DA:358,5
DA:365,3
DA:366,3
DA:368,3
DA:369,3
DA:371,3
DA:372,3
DA:373,0
DA:375,3
DA:376,3
DA:378,0
DA:379,0
DA:388,1
DA:391,4
DA:392,4
DA:393,0
DA:394,0
DA:397,4
DA:398,4
DA:399,4
DA:400,4
DA:405,4
DA:406,4
DA:407,0
DA:409,4
DA:415,4
DA:416,4
DA:422,1
DA:425,1
DA:426,1
DA:427,1
DA:429,1
DA:430,0
DA:431,0
DA:434,1
DA:435,1
DA:436,1
DA:437,0
DA:439,1
DA:440,1
DA:444,0
DA:449,2
DA:452,1
DA:454,1
DA:456,0
DA:457,0
DA:459,0
DA:466,8
LF:213
LH:179
BRDA:8,0,0,0
BRDA:8,1,0,30
BRDA:12,2,0,8
BRDA:12,2,1,22
BRDA:14,3,0,3
BRDA:14,3,1,19
BRDA:18,4,0,7
BRDA:18,4,1,23
BRDA:23,5,0,5
BRDA:23,5,1,25
BRDA:28,6,0,8
BRDA:28,6,1,22
BRDA:37,7,0,0
BRDA:38,8,0,0
BRDA:38,8,1,12
BRDA:46,9,0,0
BRDA:46,10,0,10
BRDA:47,11,0,0
BRDA:47,11,1,12
BRDA:60,12,0,2
BRDA:60,12,1,10
BRDA:68,13,0,0
BRDA:68,14,0,0
BRDA:70,15,0,18
BRDA:70,15,1,54
BRDA:70,16,0,72
BRDA:70,16,1,72
BRDA:84,17,0,0
BRDA:84,17,1,54
BRDA:88,18,0,54
BRDA:88,18,1,0
BRDA:90,19,0,10
BRDA:90,19,1,0
BRDA:93,20,0,10
BRDA:93,20,1,0
BRDA:103,21,0,0
BRDA:103,22,0,64
BRDA:104,23,0,64
BRDA:104,23,1,0
BRDA:111,24,0,46
BRDA:111,24,1,40
BRDA:115,25,0,4
BRDA:116,26,0,5
BRDA:116,26,1,1
BRDA:128,27,0,0
BRDA:128,27,1,2
BRDA:131,28,0,2
BRDA:131,28,1,0
BRDA:132,29,0,0
BRDA:132,29,1,0
BRDA:132,30,0,0
BRDA:132,30,1,0
BRDA:140,31,0,0
BRDA:149,32,0,0
BRDA:149,32,1,2
BRDA:152,33,0,2
BRDA:152,33,1,0
BRDA:159,34,0,0
BRDA:159,34,1,1
BRDA:168,35,0,0
BRDA:168,35,1,0
BRDA:174,36,0,0
BRDA:175,37,0,11
BRDA:175,37,1,10
BRDA:176,38,0,11
BRDA:176,38,1,10
BRDA:178,39,0,1
BRDA:178,39,1,10
BRDA:188,40,0,0
BRDA:188,40,1,28
BRDA:205,41,0,0
BRDA:210,42,0,13
BRDA:210,42,1,1
BRDA:217,43,0,0
BRDA:217,43,1,14
BRDA:221,44,0,14
BRDA:221,44,1,0
BRDA:231,45,0,0
BRDA:240,46,0,4
BRDA:240,46,1,1
BRDA:247,47,0,0
BRDA:247,47,1,5
BRDA:251,48,0,5
BRDA:251,48,1,0
BRDA:261,49,0,1
BRDA:274,50,0,0
BRDA:274,50,1,7
BRDA:283,51,0,1
BRDA:293,52,0,2
BRDA:293,52,1,2
BRDA:298,53,0,0
BRDA:298,53,1,4
BRDA:311,54,0,0
BRDA:311,54,1,52
BRDA:314,55,0,7
BRDA:314,55,1,45
BRDA:321,56,0,45
BRDA:321,56,1,0
BRDA:338,57,0,0
BRDA:338,57,1,5
BRDA:355,58,0,0
BRDA:355,58,1,5
BRDA:368,59,0,3
BRDA:368,59,1,3
BRDA:372,60,0,0
BRDA:372,60,1,3
BRDA:388,61,0,1
BRDA:390,62,0,0
BRDA:392,63,0,0
BRDA:392,63,1,4
BRDA:392,64,0,4
BRDA:392,64,1,4
BRDA:406,65,0,0
BRDA:406,65,1,4
BRDA:422,66,0,0
BRDA:429,67,0,0
BRDA:429,67,1,1
BRDA:436,68,0,0
BRDA:436,68,1,1
BRDA:451,69,0,0
BRDA:452,70,0,1
BRDA:452,70,1,0
BRF:122
BRH:74
end_of_record
TN:
SF:src/models/User.js
FN:3,(anonymous_0)
FN:12,(anonymous_1)
FN:13,(anonymous_2)
FN:15,(anonymous_3)
FN:25,(anonymous_4)
FN:26,(anonymous_5)
FN:28,(anonymous_6)
FN:38,(anonymous_7)
FN:39,(anonymous_8)
FN:41,(anonymous_9)
FN:51,(anonymous_10)
FN:52,(anonymous_11)
FN:54,(anonymous_12)
FN:64,(anonymous_13)
FN:65,(anonymous_14)
FN:67,(anonymous_15)
FN:77,(anonymous_16)
FN:78,(anonymous_17)
FN:109,(anonymous_18)
FN:116,(anonymous_19)
FN:128,(anonymous_20)
FN:129,(anonymous_21)
FN:131,(anonymous_22)
FNF:23
FNH:23
FNDA:45,(anonymous_0)
FNDA:34,(anonymous_1)
FNDA:34,(anonymous_2)
FNDA:34,(anonymous_3)
FNDA:41,(anonymous_4)
FNDA:41,(anonymous_5)
FNDA:41,(anonymous_6)
FNDA:22,(anonymous_7)
FNDA:22,(anonymous_8)
FNDA:22,(anonymous_9)
FNDA:13,(anonymous_10)
FNDA:13,(anonymous_11)
FNDA:13,(anonymous_12)
FNDA:3,(anonymous_13)
FNDA:3,(anonymous_14)
FNDA:3,(anonymous_15)
FNDA:15,(anonymous_16)
FNDA:15,(anonymous_17)
FNDA:11,(anonymous_18)
FNDA:10,(anonymous_19)
FNDA:4,(anonymous_20)
FNDA:4,(anonymous_21)
FNDA:4,(anonymous_22)
DA:1,9
DA:3,9
DA:4,45
DA:5,29
DA:8,16
DA:11,9
DA:13,34
DA:14,34
DA:15,34
DA:16,34
DA:17,0
DA:19,34
DA:26,41
DA:27,41
DA:28,41
DA:29,41
DA:30,0
DA:32,41
DA:39,22
DA:40,22
DA:41,22
DA:42,22
DA:43,0
DA:45,22
DA:52,13
DA:53,13
DA:54,13
DA:55,13
DA:56,0
DA:58,13
DA:65,3
DA:66,3
DA:67,3
DA:68,3
DA:69,0
DA:71,3
DA:78,15
DA:79,15
DA:80,15
DA:81,15
DA:83,15
DA:84,15
DA:85,15
DA:87,15
DA:88,6
DA:89,6
DA:92,15
DA:93,3
DA:94,3
DA:97,15
DA:98,4
DA:99,4
DA:102,15
DA:103,4
DA:104,4
DA:107,11
DA:109,11
DA:110,11
DA:111,1
DA:112,1
DA:115,10
DA:117,10
DA:118,1
DA:119,1
DA:121,9
DA:129,4
DA:130,4
DA:131,4
DA:132,4
DA:133,0
DA:135,4
DA:142,9
LF:72
LH:66
BRDA:4,0,0,29
BRDA:4,0,1,16
BRDA:12,1,0,33
BRDA:16,2,0,0
BRDA:16,2,1,34
BRDA:29,3,0,0
BRDA:29,3,1,41
BRDA:42,4,0,0
BRDA:42,4,1,22
BRDA:55,5,0,0
BRDA:55,5,1,13
BRDA:68,6,0,0
BRDA:68,6,1,3
BRDA:71,7,0,3
BRDA:71,7,1,0
BRDA:77,8,0,0
BRDA:87,9,0,6
BRDA:87,9,1,9
BRDA:92,10,0,3
BRDA:92,10,1,12
BRDA:97,11,0,4
BRDA:97,11,1,11
BRDA:97,12,0,15
BRDA:97,12,1,5
BRDA:102,13,0,4
BRDA:102,13,1,11
BRDA:110,14,0,1
BRDA:110,14,1,10
BRDA:117,15,0,1
BRDA:117,15,1,9
BRDA:132,16,0,0
BRDA:132,16,1,4
BRF:32
BRH:24
end_of_record
TN:
SF:src/routes/auth.js
FN:9,(anonymous_0)
FN:63,(anonymous_1)
FNF:2
FNH:2
FNDA:25,(anonymous_0)
FNDA:20,(anonymous_1)
DA:1,8
DA:2,8
DA:3,8
DA:4,8
DA:6,8
DA:9,8
DA:10,25
DA:11,25
DA:14,25
DA:15,3
DA:18,22
DA:19,1
DA:23,21
DA:24,21
DA:25,1
DA:28,20
DA:29,20
DA:30,1
DA:34,19
DA:37,19
DA:40,19
DA:46,19
DA:57,0
DA:58,0
DA:63,8
DA:64,20
DA:65,20
DA:68,20
DA:69,2
DA:73,18
DA:74,18
DA:75,1
DA:79,17
DA:80,17
DA:81,1
DA:85,16
DA:91,16
DA:102,0
DA:103,0
DA:107,8
LF:40
LH:36
BRDA:14,0,0,3
BRDA:14,0,1,22
BRDA:14,1,0,25
BRDA:14,1,1,24
BRDA:14,1,2,23
BRDA:18,2,0,1
BRDA:18,2,1,21
BRDA:24,3,0,1
BRDA:24,3,1,20
BRDA:29,4,0,1
BRDA:29,4,1,19
BRDA:68,5,0,2
BRDA:68,5,1,18
BRDA:68,6,0,20
BRDA:68,6,1,19
BRDA:74,7,0,1
BRDA:74,7,1,17
BRDA:80,8,0,1
BRDA:80,8,1,16
BRF:19
BRH:19
end_of_record
TN:
SF:src/routes/tasks.js
FN:16,(anonymous_0)
FN:19,(anonymous_1)
FN:35,(anonymous_2)
FN:67,(anonymous_3)
FN:79,(anonymous_4)
FN:91,(anonymous_5)
FN:108,(anonymous_6)
FN:132,(anonymous_7)
FN:163,(anonymous_8)
FN:187,(anonymous_9)
FN:210,(anonymous_10)
FNF:11
FNH:11
FNDA:4,(anonymous_0)
FNDA:4,(anonymous_1)
FNDA:15,(anonymous_2)
FNDA:7,(anonymous_3)
FNDA:3,(anonymous_4)
FNDA:5,(anonymous_5)
FNDA:22,(anonymous_6)
FNDA:10,(anonymous_7)
FNDA:4,(anonymous_8)
FNDA:4,(anonymous_9)
FNDA:4,(anonymous_10)
DA:1,8
DA:2,8
DA:3,8
DA:4,8
DA:5,8
DA:6,8
DA:8,8
DA:10,8
DA:11,8
DA:12,0
DA:15,8
DA:17,4
DA:20,4
DA:21,4
DA:22,4
DA:23,4
DA:27,8
DA:35,8
DA:36,15
DA:38,15
DA:39,5
DA:40,5
DA:41,5
DA:45,15
DA:46,3
DA:49,15
DA:50,2
DA:53,15
DA:54,4
DA:55,4
DA:56,4
DA:60,15
DA:64,8
DA:67,8
DA:68,7
DA:69,7
DA:70,7
DA:71,7
DA:73,0
DA:74,0
DA:79,8
DA:80,3
DA:81,3
DA:82,3
DA:83,3
DA:85,0
DA:86,0
DA:91,8
DA:92,5
DA:93,5
DA:94,5
DA:96,5
DA:100,5
DA:102,0
DA:103,0
DA:108,8
DA:109,22
DA:110,22
DA:112,22
DA:113,2
DA:116,20
DA:117,20
DA:119,20
DA:120,3
DA:123,20
DA:124,20
DA:126,0
DA:127,0
DA:132,8
DA:133,10
DA:134,10
DA:135,10
DA:138,10
DA:139,10
DA:140,2
DA:143,8
DA:144,3
DA:147,5
DA:149,4
DA:150,4
DA:151,1
DA:154,4
DA:155,4
DA:157,1
DA:158,1
DA:163,8
DA:164,4
DA:165,4
DA:168,4
DA:169,4
DA:170,1
DA:173,3
DA:174,1
DA:177,2
DA:178,2
DA:179,2
DA:181,0
DA:182,0
DA:187,8
DA:188,4
DA:189,4
DA:192,4
DA:193,4
DA:194,1
DA:197,3
DA:198,1
DA:201,2
DA:202,2
DA:204,0
DA:205,0
DA:210,8
DA:211,4
DA:212,4
DA:214,4
DA:215,4
DA:216,2
DA:219,2
DA:220,1
DA:223,1
DA:225,1
DA:226,0
DA:229,1
DA:230,1
DA:232,1
DA:234,0
DA:235,0
DA:239,8
LF:127
LH:111
BRDA:11,0,0,0
BRDA:11,0,1,8
BRDA:38,1,0,5
BRDA:38,1,1,10
BRDA:40,2,0,5
BRDA:40,2,1,0
BRDA:40,3,0,5
BRDA:40,3,1,1
BRDA:45,4,0,3
BRDA:45,4,1,12
BRDA:49,5,0,2
BRDA:49,5,1,13
BRDA:53,6,0,4
BRDA:53,6,1,11
BRDA:55,7,0,4
BRDA:55,7,1,0
BRDA:94,8,0,5
BRDA:94,8,1,4
BRDA:96,9,0,1
BRDA:96,9,1,4
BRDA:96,10,0,5
BRDA:96,10,1,1
BRDA:112,11,0,2
BRDA:112,11,1,20
BRDA:116,12,0,20
BRDA:116,12,1,0
BRDA:119,13,0,3
BRDA:119,13,1,17
BRDA:139,14,0,2
BRDA:139,14,1,8
BRDA:143,15,0,3
BRDA:143,15,1,5
BRDA:149,16,0,4
BRDA:149,16,1,3
BRDA:150,17,0,1
BRDA:150,17,1,3
BRDA:169,18,0,1
BRDA:169,18,1,3
BRDA:173,19,0,1
BRDA:173,19,1,2
BRDA:193,20,0,1
BRDA:193,20,1,3
BRDA:197,21,0,1
BRDA:197,21,1,2
BRDA:215,22,0,2
BRDA:215,22,1,2
BRDA:219,23,0,1
BRDA:219,23,1,1
BRDA:225,24,0,0
BRDA:225,24,1,1
BRDA:225,25,0,1
BRDA:225,25,1,1
BRF:52
BRH:47
end_of_record
TN:
SF:src/routes/users.js
FN:10,(anonymous_0)
FN:20,(anonymous_1)
FN:75,(anonymous_2)
FNF:3
FNH:3
FNDA:2,(anonymous_0)
FNDA:11,(anonymous_1)
FNDA:4,(anonymous_2)
DA:1,8
DA:2,8
DA:3,8
DA:4,8
DA:6,8
DA:8,8
DA:10,8
DA:11,2
DA:12,2
DA:13,2
DA:15,0
DA:16,0
DA:20,8
DA:21,11
DA:23,11
DA:24,1
DA:27,10
DA:28,10
DA:30,10
DA:31,1
DA:34,9
DA:35,1
DA:38,8
DA:39,1
DA:42,7
DA:43,1
DA:46,6
DA:47,6
DA:49,5
DA:50,1
DA:53,4
DA:55,1
DA:57,1
DA:58,1
DA:60,1
DA:61,1
DA:62,1
DA:63,0
DA:64,0
DA:68,1
DA:71,0
DA:75,8
DA:76,4
DA:78,4
DA:79,1
DA:82,3
DA:83,1
DA:86,2
DA:87,2
DA:88,2
DA:90,2
DA:91,1
DA:94,1
DA:96,1
DA:98,0
DA:99,0
DA:103,8
LF:57
LH:50
BRDA:23,0,0,1
BRDA:23,0,1,10
BRDA:23,1,0,11
BRDA:23,1,1,10
BRDA:27,2,0,10
BRDA:27,2,1,0
BRDA:30,3,0,1
BRDA:30,3,1,9
BRDA:30,4,0,10
BRDA:30,4,1,4
BRDA:34,5,0,1
BRDA:34,5,1,8
BRDA:34,6,0,9
BRDA:34,6,1,2
BRDA:38,7,0,1
BRDA:38,7,1,7
BRDA:38,8,0,8
BRDA:38,8,1,5
BRDA:38,8,2,4
BRDA:42,9,0,1
BRDA:42,9,1,6
BRDA:42,10,0,7
BRDA:42,10,1,3
BRDA:49,11,0,1
BRDA:49,11,1,4
BRDA:57,12,0,1
BRDA:57,12,1,0
BRDA:57,13,0,1
BRDA:57,13,1,1
BRDA:60,14,0,1
BRDA:60,14,1,0
BRDA:61,15,0,1
BRDA:61,15,1,0
BRDA:63,16,0,0
BRDA:63,16,1,0
BRDA:78,17,0,1
BRDA:78,17,1,3
BRDA:78,18,0,4
BRDA:78,18,1,3
BRDA:82,19,0,1
BRDA:82,19,1,2
BRDA:90,20,0,1
BRDA:90,20,1,1
BRDA:90,21,0,2
BRDA:90,21,1,2
BRF:45
BRH:39
end_of_record
